"Log from day $day" 
"Log from day $day" 
"Log from day $day" 
Log from day 1 
Log from day 2 
Log from day 3 
Log from day 4 
Log from day 5 
Log from day 6 
Log from day 7 
Log from day 8 
Log from day 9 
Log from day 10 
Log from day 11 
Log from day 12 
Log from day 13 
Log from day 14 
Log from day 15 
Log from day 16 
Log from day 17 
Log from day 18 
Log from day 19 
Log from day 20 
Log from day 21 
Log from day 22 
Log from day 23 
Log from day 24 
Log from day 25 
Log from day 26 
Log from day 27 
Log from day 28 
Log from day 29 
Log from day 30 
Log from day 1 
Log from day 2 
Log from day 3 
Log from day 4 
Log from day 5 
Log from day 6 
Log from day 7 
Log from day 8 
Log from day 9 
Log from day 10 
Log from day 11 
Log from day 12 
Log from day 13 
Log from day 14 
Log from day 15 
Log from day 16 
Log from day 17 
Log from day 18 
Log from day 19 
Log from day 20 
Log from day 21 
Log from day 22 
Log from day 23 
Log from day 24 
Log from day 25 
Log from day 26 
Log from day 27 
Log from day 28 
Log from day 29 
Log from day 30 
Log from March %%d, commit %%c 
Log from March %%d, commit %%c 
Log from March %%d, commit %%c 
Log from March %%d, commit %%c 
Log from March %%d, commit %%c 
Log from March 1, commit 1 
Log from March 1, commit 2 
Log from March 2, commit 1 
Log from March 2, commit 2 
Log from March 2, commit 3 
Log from March 2, commit 4 
Log from March 3, commit 1 
Log from March 3, commit 2 
Log from March 3, commit 3 
Log from March 3, commit 4 
Log from March 3, commit 5 
Log from March 4, commit 1 
Log from March 4, commit 2 
Log from March 4, commit 3 
Log from March 4, commit 4 
Log from March 4, commit 5 
Log from March 5, commit 1 
Log from March 6, commit 1 
Log from March 6, commit 2 
Log from March 7, commit 1 
Log from March 7, commit 2 
Log from March 7, commit 3 
Log from March 8, commit 1 
Log from March 8, commit 2 
Log from March 8, commit 3 
Log from March 9, commit 1 
Log from March 10, commit 1 
Log from March 10, commit 2 
Log from March 10, commit 3 
Log from March 10, commit 4 
Log from March 10, commit 5 
Log from March 11, commit 1 
Log from March 11, commit 2 
Log from March 12, commit 1 
Log from March 12, commit 2 
Log from March 12, commit 3 
Log from March 12, commit 4 
Log from March 13, commit 1 
Log from March 13, commit 2 
Log from March 13, commit 3 
Log from March 13, commit 4 
Log from March 13, commit 5 
Log from March 14, commit 1 
Log from March 14, commit 2 
Log from March 14, commit 3 
Log from March 14, commit 4 
Log from March 15, commit 1 
Log from March 16, commit 1 
Log from March 16, commit 2 
Log from March 16, commit 3 
Log from March 17, commit 1 
Log from March 17, commit 2 
Log from March 17, commit 3 
Log from March 17, commit 4 
Log from March 17, commit 5 
Log from March 18, commit 1 
Log from March 18, commit 2 
Log from March 18, commit 3 
Log from March 19, commit 1 
Log from March 19, commit 2 
Log from March 19, commit 3 
Log from March 19, commit 4 
Log from March 20, commit 1 
Log from March 20, commit 2 
Log from March 20, commit 3 
Log from March 21, commit 1 
Log from March 21, commit 2 
Log from March 21, commit 3 
Log from March 21, commit 4 
Log from March 21, commit 5 
Log from March 22, commit 1 
Log from March 23, commit 1 
Log from March 23, commit 2 
Log from March 23, commit 3 
Log from March 23, commit 4 
Log from March 24, commit 1 
Log from March 24, commit 2 
Log from March 24, commit 3 
Log from March 24, commit 4 
Log from March 25, commit 1 
Log from March 25, commit 2 
Log from March 25, commit 3 
Log from March 26, commit 1 
Log from March 26, commit 2 
Log from March 26, commit 3 
Log from March 27, commit 1 
Log from March 27, commit 2 
Log from March 27, commit 3 
Log from March 28, commit 1 
Log from March 28, commit 2 
Log from March 28, commit 3 
Log from March 28, commit 4 
Log from March 29, commit 1 
Log from March 29, commit 2 
Log from March 30, commit 1 
Log from March 1, commit 1 
Log from March 2, commit 1 
Log from March 2, commit 2 
Log from March 2, commit 3 
Log from March 2, commit 4 
Log from March 3, commit 1 
Log from March 3, commit 2 
Log from March 4, commit 1 
Log from March 5, commit 1 
Log from March 5, commit 2 
Log from March 5, commit 3 
Log from March 6, commit 1 
Log from March 6, commit 2 
Log from March 7, commit 1 
Log from March 7, commit 2 
Log from March 8, commit 1 
Log from March 9, commit 1 
Log from March 9, commit 2 
Log from March 10, commit 1 
Log from March 10, commit 2 
Log from March 10, commit 3 
Log from March 10, commit 4 
Log from March 11, commit 1 
Log from March 11, commit 2 
Log from March 11, commit 3 
Log from March 11, commit 4 
Log from March 12, commit 1 
Log from March 12, commit 2 
Log from March 12, commit 3 
Log from March 13, commit 1 
Log from March 13, commit 2 
Log from March 13, commit 3 
Log from March 13, commit 4 
Log from March 14, commit 1 
Log from March 14, commit 2 
Log from March 15, commit 1 
Log from March 16, commit 1 
Log from March 16, commit 2 
Log from March 16, commit 3 
Log from March 16, commit 4 
Log from March 17, commit 1 
Log from March 17, commit 2 
Log from March 17, commit 3 
Log from March 17, commit 4 
Log from March 17, commit 5 
Log from March 18, commit 1 
Log from March 18, commit 2 
Log from March 18, commit 3 
Log from March 18, commit 4 
Log from March 18, commit 5 
Log from March 19, commit 1 
Log from March 19, commit 2 
Log from March 19, commit 3 
Log from March 19, commit 4 
Log from March 20, commit 1 
Log from March 20, commit 2 
Log from March 21, commit 1 
Log from March 21, commit 2 
Log from March 22, commit 1 
Log from March 22, commit 2 
Log from March 22, commit 3 
Log from March 23, commit 1 
Log from March 23, commit 2 
Log from March 23, commit 3 
Log from March 23, commit 4 
Log from March 23, commit 5 
Log from March 24, commit 1 
Log from March 25, commit 1 
Log from March 26, commit 1 
Log from March 26, commit 2 
Log from March 27, commit 1 
Log from March 27, commit 2 
Log from March 28, commit 1 
Log from March 28, commit 2 
Log from March 29, commit 1 
Log from March 30, commit 1 
Log from March 30, commit 2 
Log from March 30, commit 3 
Log from March 30, commit 4 
Log from March 30, commit 5 
Log from March 1, commit 1 
Log from March 1, commit 2 
Log from March 1, commit 3 
Log from March 1, commit 4 
Log from March 2, commit 1 
Log from March 2, commit 2 
Log from March 2, commit 3 
Log from March 2, commit 4 
Log from March 3, commit 1 
Log from March 4, commit 1 
Log from March 4, commit 2 
Log from March 4, commit 3 
Log from March 4, commit 4 
Log from March 5, commit 1 
Log from March 5, commit 2 
Log from March 5, commit 3 
Log from March 5, commit 4 
Log from March 6, commit 1 
Log from March 6, commit 2 
Log from March 6, commit 3 
Log from March 6, commit 4 
Log from March 6, commit 5 
Log from March 7, commit 1 
Log from March 7, commit 2 
Log from March 7, commit 3 
Log from March 7, commit 4 
Log from March 8, commit 1 
Log from March 8, commit 2 
Log from March 8, commit 3 
Log from March 8, commit 4 
Log from March 8, commit 5 
Log from March 9, commit 1 
Log from March 9, commit 2 
Log from March 9, commit 3 
Log from March 9, commit 4 
Log from March 10, commit 1 
Log from March 10, commit 2 
Log from March 10, commit 3 
Log from March 10, commit 4 
Log from March 11, commit 1 
Log from March 12, commit 1 
Log from March 12, commit 2 
Log from March 13, commit 1 
Log from March 13, commit 2 
Log from March 14, commit 1 
Log from March 15, commit 1 
Log from March 15, commit 2 
Log from March 15, commit 3 
Log from March 15, commit 4 
Log from March 16, commit 1 
Log from March 16, commit 2 
Log from March 17, commit 1 
Log from March 17, commit 2 
Log from March 18, commit 1 
Log from March 18, commit 2 
Log from March 19, commit 1 
Log from March 19, commit 2 
Log from March 19, commit 3 
Log from March 19, commit 4 
Log from March 20, commit 1 
Log from March 20, commit 2 
Log from March 21, commit 1 
Log from March 21, commit 2 
Log from March 21, commit 3 
Log from March 22, commit 1 
Log from March 22, commit 2 
Log from March 23, commit 1 
Log from March 24, commit 1 
Log from March 24, commit 2 
Log from March 24, commit 3 
Log from March 25, commit 1 
Log from March 25, commit 2 
Log from March 25, commit 3 
Log from March 25, commit 4 
Log from March 26, commit 1 
Log from March 26, commit 2 
Log from March 26, commit 3 
Log from March 27, commit 1 
Log from March 27, commit 2 
Log from March 27, commit 3 
Log from March 27, commit 4 
Log from March 27, commit 5 
Log from March 28, commit 1 
Log from March 28, commit 2 
Log from March 29, commit 1 
Log from March 30, commit 1 
Log from March 1, commit 1 
Log from March 1, commit 2 
Log from March 2, commit 1 
Log from March 3, commit 1 
Log from March 4, commit 1 
Log from March 5, commit 1 
Log from March 5, commit 2 
Log from March 5, commit 3 
Log from March 6, commit 1 
Log from March 6, commit 2 
Log from March 6, commit 3 
Log from March 6, commit 4 
Log from March 6, commit 5 
Log from March 7, commit 1 
Log from March 7, commit 2 
Log from March 7, commit 3 
Log from March 7, commit 4 
Log from March 8, commit 1 
Log from March 8, commit 2 
Log from March 9, commit 1 
Log from March 9, commit 2 
Log from March 9, commit 3 
Log from March 9, commit 4 
Log from March 10, commit 1 
Log from March 10, commit 2 
Log from March 11, commit 1 
Log from March 12, commit 1 
Log from March 12, commit 2 
Log from March 12, commit 3 
Log from March 12, commit 4 
Log from March 13, commit 1 
Log from March 13, commit 2 
Log from March 1, commit 1 
Log from March 1, commit 2 
Log from March 1, commit 3 
Log from March 1, commit 4 
Log from March 2, commit 1 
Log from March 2, commit 2 
Log from March 3, commit 1 
Log from March 3, commit 2 
Log from March 3, commit 3 
Log from March 3, commit 4 
Log from March 4, commit 1 
Log from March 4, commit 2 
Log from March 4, commit 3 
Log from March 5, commit 1 
Log from March 5, commit 2 
Log from March 5, commit 3 
Log from March 5, commit 4 
Log from March 6, commit 1 
Log from March 7, commit 1 
Log from March 8, commit 1 
Log from March 9, commit 1 
Log from March 10, commit 1 
Log from March 10, commit 2 
Log from March 11, commit 1 
Log from March 12, commit 1 
Log from March 12, commit 2 
Log from March 12, commit 3 
Log from March 12, commit 4 
Log from March 13, commit 1 
Log from March 13, commit 2 
Log from March 13, commit 3 
Log from March 13, commit 4 
Log from March 14, commit 1 
Log from March 14, commit 2 
Log from March 14, commit 3 
Log from March 14, commit 4 
Log from March 15, commit 1 
Log from March 15, commit 2 
Log from March 15, commit 3 
Log from March 15, commit 4 
Log from March 16, commit 1 
Log from March 16, commit 2 
Log from March 16, commit 3 
Log from March 16, commit 4 
Log from March 17, commit 1 
Log from March 17, commit 2 
Log from March 17, commit 3 
Log from March 17, commit 4 
Log from March 17, commit 5 
Log from March 18, commit 1 
Log from March 18, commit 2 
Log from March 19, commit 1 
Log from March 19, commit 2 
Log from March 19, commit 3 
Log from March 19, commit 4 
Log from March 19, commit 5 
Log from March 20, commit 1 
Log from March 20, commit 2 
Log from March 21, commit 1 
Log from March 21, commit 2 
Log from March 21, commit 3 
Log from March 21, commit 4 
Log from March 21, commit 5 
Log from March 22, commit 1 
Log from March 22, commit 2 
Log from March 22, commit 3 
Log from March 23, commit 1 
Log from March 24, commit 1 
Log from March 24, commit 2 
Log from March 24, commit 3 
Log from March 24, commit 4 
Log from March 25, commit 1 
Log from March 25, commit 2 
Log from March 26, commit 1 
Log from March 26, commit 2 
Log from March 27, commit 1 
Log from March 28, commit 1 
Log from March 29, commit 1 
Log from March 29, commit 2 
Log from March 30, commit 1 
Log from March 30, commit 2 
Log from March 30, commit 3 
Log from March 30, commit 4 
Log from March 1, commit 1 
Log from March 1, commit 2 
Log from March 2, commit 1 
Log from March 3, commit 1 
Log from March 3, commit 2 
Log from March 4, commit 1 
Log from March 4, commit 2 
Log from March 4, commit 3 
Log from March 4, commit 4 
Log from March 5, commit 1 
Log from March 5, commit 2 
Log from March 5, commit 3 
Log from March 5, commit 4 
Log from March 6, commit 1 
Log from March 6, commit 2 
Log from March 6, commit 3 
Log from March 6, commit 4 
Log from March 6, commit 5 
Log from March 7, commit 1 
Log from March 8, commit 1 
Log from March 8, commit 2 
Log from March 8, commit 3 
Log from March 1, commit 1 
Log from March 1, commit 2 
Log from March 1, commit 3 
Log from March 1, commit 4 
Log from March 2, commit 1 
Log from March 2, commit 2 
Log from March 2, commit 3 
Log from March 2, commit 4 
Log from March 2, commit 5 
Log from March 3, commit 1 
Log from March 3, commit 2 
Log from March 3, commit 3 
Log from March 4, commit 1 
Log from March 4, commit 2 
Log from March 4, commit 3 
Log from March 4, commit 4 
Log from March 5, commit 1 
Log from March 5, commit 2 
Log from March 5, commit 3 
Log from March 6, commit 1 
Log from March 6, commit 2 
Log from March 7, commit 1 
Log from March 7, commit 2 
Log from March 7, commit 3 
Log from March 7, commit 4 
Log from March 8, commit 1 
Log from March 9, commit 1 
Log from March 9, commit 2 
Log from March 9, commit 3 
Log from March 9, commit 4 
Log from March 10, commit 1 
Log from March 10, commit 2 
Log from March 10, commit 3 
Log from March 10, commit 4 
Log from March 11, commit 1 
Log from March 12, commit 1 
Log from March 12, commit 2 
Log from March 12, commit 3 
Log from March 13, commit 1 
Log from March 14, commit 1 
Log from March 14, commit 2 
Log from March 14, commit 3 
Log from March 15, commit 1 
Log from March 15, commit 2 
Log from March 16, commit 1 
Log from March 17, commit 1 
Log from March 17, commit 2 
Log from March 17, commit 3 
Log from March 18, commit 1 
Log from March 18, commit 2 
Log from March 19, commit 1 
Log from March 19, commit 2 
Log from March 20, commit 1 
Log from March 20, commit 2 
Log from March 20, commit 3 
Log from March 21, commit 1 
Log from March 21, commit 2 
Log from March 22, commit 1 
Log from March 23, commit 1 
Log from March 23, commit 2 
Log from March 23, commit 3 
Log from March 23, commit 4 
Log from March 23, commit 5 
Log from March 24, commit 1 
Log from March 24, commit 2 
Log from March 24, commit 3 
Log from March 24, commit 4 
Log from March 24, commit 5 
Log from March 25, commit 1 
Log from March 25, commit 2 
Log from March 26, commit 1 
Log from March 26, commit 2 
Log from March 27, commit 1 
Log from March 27, commit 2 
Log from March 27, commit 3 
Log from March 27, commit 4 
Log from March 27, commit 5 
Log from March 28, commit 1 
Log from March 28, commit 2 
Log from March 28, commit 3 
Log from March 29, commit 1 
Log from March 29, commit 2 
Log from March 29, commit 3 
Log from March 29, commit 4 
Log from March 29, commit 5 
Log from March 30, commit 1 
Log from March 30, commit 2 
Log from March 30, commit 3 
Log from March 30, commit 4 
Log from April 01, commit 1 
Log from April 01, commit 2 
Log from April 01, commit 3 
Log from April 04, commit 1 
Log from April 04, commit 2 
Log from April 04, commit 3 
Log from April 04, commit 4 
Log from April 04, commit 5 
Log from April 05, commit 1 
Log from April 06, commit 1 
Log from April 06, commit 2 
Log from April 07, commit 1 
Log from April 07, commit 2 
Log from April 08, commit 1 
Log from April 08, commit 2 
Log from April 08, commit 3 
Log from April 08, commit 4 
Log from April 01, commit 1 
Log from April 01, commit 2 
Log from April 01, commit 3 
Log from April 01, commit 4 
Log from April 04, commit 1 
Log from April 04, commit 2 
Log from April 04, commit 3 
Log from April 04, commit 4 
Log from April 04, commit 5 
Log from April 05, commit 1 
Log from April 05, commit 2 
Log from April 05, commit 3 
Log from April 05, commit 4 
Log from April 05, commit 5 
Log from April 06, commit 1 
Log from April 06, commit 2 
Log from April 06, commit 3 
Log from April 06, commit 4 
Log from April 07, commit 1 
Log from April 07, commit 2 
Log from April 07, commit 3 
Log from April 08, commit 1 
Log from April 08, commit 2 
Log from April 08, commit 3 
Log from April 11, commit 1 
Log from April 11, commit 2 
Log from April 11, commit 3 
Log from April 11, commit 4 
Log from April 12, commit 1 
Log from April 12, commit 2 
Log from April 12, commit 3 
Log from April 13, commit 1 
Log from April 13, commit 2 
Log from April 13, commit 3 
Log from April 13, commit 4 
Log from April 14, commit 1 
Log from April 14, commit 2 
Log from April 14, commit 3 
Log from April 14, commit 4 
Log from April 15, commit 1 
Log from April 15, commit 2 
Log from April 15, commit 3 
Log from April 18, commit 1 
Log from April 18, commit 2 
Log from April 18, commit 3 
Log from April 18, commit 4 
Log from April 19, commit 1 
Log from April 19, commit 2 
Log from April 19, commit 3 
Log from April 20, commit 1 
Log from April 20, commit 2 
Log from April 20, commit 3 
Log from April 20, commit 4 
Log from April 20, commit 5 
Log from April 21, commit 1 
Log from April 21, commit 2 
Log from April 22, commit 1 
Log from April 22, commit 2 
Log from April 22, commit 3 
Log from April 25, commit 1 
Log from April 26, commit 1 
Log from April 26, commit 2 
Log from April 27, commit 1 
Log from April 27, commit 2 
Log from April 28, commit 1 
Log from April 28, commit 2 
Log from April 29, commit 1 
Log from April 29, commit 2 
Log from April 03, commit 1 
Log from April 03, commit 2 
Log from April 03, commit 3 
Log from April 04, commit 1 
Log from April 04, commit 2 
Log from April 04, commit 3 
Log from April 04, commit 4 
Log from April 05, commit 1 
Log from April 05, commit 2 
Log from April 06, commit 1 
Log from April 06, commit 2 
Log from April 06, commit 3 
Log from April 06, commit 4 
Log from April 06, commit 5 
Log from April 09, commit 1 
